<html>
<body>
<pre>
<h1>µVision Build Log</h1>
<h2>Tool Versions:</h2>
IDE-Version: ¦ÌVision V5.21.1.0
Copyright (C) 2016 ARM Ltd and ARM Germany GmbH. All rights reserved.
License Information: e e, e, LIC=DSN01-CY3XK-799G1-CI979-AKND4-E3BSP
 
Tool Versions:
Toolchain:       MDK-ARM Professional  Version: 5.21a
Toolchain Path:  C:\Keil_v5\ARM\ARMCC\Bin
C Compiler:      Armcc.exe V5.06 update 3 (build 300)
Assembler:       Armasm.exe V5.06 update 3 (build 300)
Linker/Locator:  ArmLink.exe V5.06 update 3 (build 300)
Library Manager: ArmAr.exe V5.06 update 3 (build 300)
Hex Converter:   FromElf.exe V5.06 update 3 (build 300)
CPU DLL:         SARMCM3.DLL V5.21a
Dialog DLL:      DARMSTM.DLL V1.66.0.1
Target DLL:      Segger\JL2CM3.dll V2.99.23.0
Dialog DLL:      TARMSTM.DLL V1.65.0.0
 
<h2>Project:</h2>
C:\LotteryPLC\MiniVer2_1STMProgramF103ZE\template.uvprojx
Project File Date:  05/23/2019

<h2>Output:</h2>
*** Using Compiler 'V5.06 update 3 (build 300)', folder: 'C:\Keil_v5\ARM\ARMCC\Bin'
Rebuild target 'UART'
assembling startup_stm32f10x_hd.s...
compiling core_cm3.c...
compiling misc.c...
compiling stm32f10x_it.c...
compiling main.c...
USER\main.c(77): warning:  #128-D: loop is not reachable
      while(0){
USER\main.c(94): warning:  #223-D: function "disAllLEDPin" declared implicitly
          disAllLEDPin(); 
USER\main.c(98): warning:  #128-D: loop is not reachable
      while(0){
USER\main.c(114): warning:  #223-D: function "disAllLEDPin" declared implicitly
          disAllLEDPin(); 
USER\main.c(124): error:  #20: identifier "EN_N3" is undefined
          EN_N3; 
USER\main.c(125): error:  #20: identifier "EN_P1" is undefined
          EN_P1;
USER\main.c(126): error:  #20: identifier "DIS_P2" is undefined
          DIS_P2;
USER\main.c(127): error:  #20: identifier "DIS_P3" is undefined
          DIS_P3;
USER\main.c(129): error:  #20: identifier "DIS_P1" is undefined
          DIS_P1;
USER\main.c(130): error:  #20: identifier "DIS_N3" is undefined
          DIS_N3;
USER\main.c: 4 warnings, 6 errors
compiling stm32f10x_adc.c...
compiling system_stm32f10x.c...
compiling stm32f10x_bkp.c...
compiling stm32f10x_cec.c...
compiling stm32f10x_can.c...
compiling stm32f10x_crc.c...
compiling stm32f10x_dac.c...
compiling stm32f10x_dbgmcu.c...
compiling stm32f10x_dma.c...
compiling stm32f10x_exti.c...
compiling stm32f10x_gpio.c...
compiling stm32f10x_fsmc.c...
compiling stm32f10x_pwr.c...
compiling stm32f10x_flash.c...
compiling stm32f10x_i2c.c...
compiling stm32f10x_iwdg.c...
compiling stm32f10x_rcc.c...
compiling stm32f10x_rtc.c...
compiling stm32f10x_sdio.c...
compiling stm32f10x_spi.c...
compiling stm32f10x_usart.c...
compiling stm32f10x_wwdg.c...
compiling stm32f10x_tim.c...
compiling sys.c...
compiling delay.c...
compiling upcom.c...
compiling usart.c...
compiling test.c...
SYSTEM\sys\test.c(23): warning:  #1-D: last line of file ends without a newline
  }
SYSTEM\sys\test.c: 1 warning, 0 errors
compiling led.c...
HARDWARE\LED\led.c(229): warning:  #223-D: function "turnOnLED" declared implicitly
      turnOnLED(pos,neg);   
HARDWARE\LED\led.c: 1 warning, 0 errors
compiling timer.c...
compiling door.c...
compiling tasks.c...
compiling com_task.c...
SYSTEM\tasks\com_task.c(151): warning:  #223-D: function "disAllLEDPin" declared implicitly
                      disAllLEDPin(); 
SYSTEM\tasks\com_task.c: 1 warning, 0 errors
compiling led_task.c...
compiling door_task.c...
".\OBJ\UART.axf" - 6 Error(s), 7 Warning(s).

<h2>Collection of Component include folders:</h2>
  C:\LotteryPLC\MiniVer2_1STMProgramF103ZE\RTE
  C:\Keil_v5\ARM\PACK\Keil\STM32F1xx_DFP\1.0.5\Device\Include

<h2>Collection of Component Files used:</h2>
Target not created.
Build Time Elapsed:  00:00:05
</pre>
</body>
</html>
